<?xml version="1.0" encoding="UTF-8"?>
<!-- Generated by org.testng.reporters.JUnitReportReporter -->
<testsuite hostname="LAPTOP-QMK202VJ" failures="0" tests="1" name="runner.TestRunner" time="25.470" errors="0" timestamp="25 Feb 2022 10:51:07 GMT">
  <testcase classname="runner.TestRunner" name="feature" time="25.470"/>
</testsuite> <!-- runner.TestRunner -->
